# Logfile created on 2016-09-19 17:12:26 +0530 by logger.rb/53141
I, [2016-09-19T17:19:53.849040 #26075]  INFO -- : [Faye::Server] Processing messages: [{"channel":"/meta/handshake","version":"1.0","supportedConnectionTypes":["in-process","websocket","long-polling"],"id":"1"}] (local: false)
I, [2016-09-19T17:19:53.849688 #26075]  INFO -- : [Faye::Server] Handling message: {"channel":"/meta/handshake","version":"1.0","supportedConnectionTypes":["in-process","websocket","long-polling"],"id":"1"} (local: false)
I, [2016-09-19T17:19:53.854446 #26075]  INFO -- : [Faye::Server] Returning replies: [{"id":"1","channel":"/meta/handshake","successful":true,"version":"1.0","supportedConnectionTypes":["long-polling","cross-origin-long-polling","callback-polling","websocket","eventsource","in-process"],"clientId":"3vz1whov1a40gqm48qb5i7oq10hjhem","advice":{"reconnect":"retry","interval":0,"timeout":25000}}]
I, [2016-09-19T17:19:58.851831 #26075]  INFO -- : [Faye::Server] Processing messages: [{"channel":"/meta/handshake","version":"1.0","supportedConnectionTypes":["in-process","websocket","long-polling"],"id":"1"}] (local: false)
I, [2016-09-19T17:19:58.852053 #26075]  INFO -- : [Faye::Server] Handling message: {"channel":"/meta/handshake","version":"1.0","supportedConnectionTypes":["in-process","websocket","long-polling"],"id":"1"} (local: false)
I, [2016-09-19T17:19:58.852464 #26075]  INFO -- : [Faye::Server] Returning replies: [{"id":"1","channel":"/meta/handshake","successful":true,"version":"1.0","supportedConnectionTypes":["long-polling","cross-origin-long-polling","callback-polling","websocket","eventsource","in-process"],"clientId":"e0n79dmqici5nusqqmbhlyj9o7293xx","advice":{"reconnect":"retry","interval":0,"timeout":25000}}]
I, [2016-09-19T17:19:58.874464 #26075]  INFO -- : [Faye::Server] Processing messages: [] (local: false)
I, [2016-09-19T17:19:58.888098 #26075]  INFO -- : [Faye::Server] Processing messages: [{"channel":"/meta/handshake","version":"1.0","supportedConnectionTypes":["in-process","websocket","long-polling"],"id":"1"}] (local: false)
I, [2016-09-19T17:19:58.888248 #26075]  INFO -- : [Faye::Server] Handling message: {"channel":"/meta/handshake","version":"1.0","supportedConnectionTypes":["in-process","websocket","long-polling"],"id":"1"} (local: false)
I, [2016-09-19T17:19:58.888558 #26075]  INFO -- : [Faye::Server] Returning replies: [{"id":"1","channel":"/meta/handshake","successful":true,"version":"1.0","supportedConnectionTypes":["long-polling","cross-origin-long-polling","callback-polling","websocket","eventsource","in-process"],"clientId":"p2hb43zha4git7xz10x5rk2jybs93zx","advice":{"reconnect":"retry","interval":0,"timeout":25000}}]
I, [2016-09-19T17:20:03.892570 #26075]  INFO -- : [Faye::Server] Processing messages: [{"channel":"/meta/handshake","version":"1.0","supportedConnectionTypes":["in-process","websocket","long-polling"],"id":"1"}] (local: false)
I, [2016-09-19T17:20:03.900562 #26075]  INFO -- : [Faye::Server] Handling message: {"channel":"/meta/handshake","version":"1.0","supportedConnectionTypes":["in-process","websocket","long-polling"],"id":"1"} (local: false)
I, [2016-09-19T17:20:03.901161 #26075]  INFO -- : [Faye::Server] Returning replies: [{"id":"1","channel":"/meta/handshake","successful":true,"version":"1.0","supportedConnectionTypes":["long-polling","cross-origin-long-polling","callback-polling","websocket","eventsource","in-process"],"clientId":"iunrgl3lq7vkgo4ne6sgzgiy0hlu0i2","advice":{"reconnect":"retry","interval":0,"timeout":25000}}]
I, [2016-09-19T17:20:03.905251 #26075]  INFO -- : [Faye::Server] Processing messages: [{"channel":"/meta/handshake","version":"1.0","supportedConnectionTypes":["in-process","websocket","long-polling"],"id":"1"}] (local: false)
I, [2016-09-19T17:20:03.905471 #26075]  INFO -- : [Faye::Server] Handling message: {"channel":"/meta/handshake","version":"1.0","supportedConnectionTypes":["in-process","websocket","long-polling"],"id":"1"} (local: false)
I, [2016-09-19T17:20:03.906067 #26075]  INFO -- : [Faye::Server] Returning replies: [{"id":"1","channel":"/meta/handshake","successful":true,"version":"1.0","supportedConnectionTypes":["long-polling","cross-origin-long-polling","callback-polling","websocket","eventsource","in-process"],"clientId":"lquq8ckrs2a3shwo8skcz0459sp3yp4","advice":{"reconnect":"retry","interval":0,"timeout":25000}}]
I, [2016-09-19T17:20:08.912088 #26075]  INFO -- : [Faye::Server] Processing messages: [{"channel":"/meta/handshake","version":"1.0","supportedConnectionTypes":["in-process","websocket","long-polling"],"id":"1"}] (local: false)
I, [2016-09-19T17:20:08.912223 #26075]  INFO -- : [Faye::Server] Handling message: {"channel":"/meta/handshake","version":"1.0","supportedConnectionTypes":["in-process","websocket","long-polling"],"id":"1"} (local: false)
I, [2016-09-19T17:20:08.912494 #26075]  INFO -- : [Faye::Server] Returning replies: [{"id":"1","channel":"/meta/handshake","successful":true,"version":"1.0","supportedConnectionTypes":["long-polling","cross-origin-long-polling","callback-polling","websocket","eventsource","in-process"],"clientId":"ii3ygjqtx7sjutsm8miwxzx0not6m4k","advice":{"reconnect":"retry","interval":0,"timeout":25000}}]
I, [2016-09-19T17:20:08.926616 #26075]  INFO -- : [Faye::Server] Processing messages: [{"channel":"/meta/handshake","version":"1.0","supportedConnectionTypes":["in-process","websocket","long-polling"],"id":"1"}] (local: false)
I, [2016-09-19T17:20:08.926936 #26075]  INFO -- : [Faye::Server] Handling message: {"channel":"/meta/handshake","version":"1.0","supportedConnectionTypes":["in-process","websocket","long-polling"],"id":"1"} (local: false)
I, [2016-09-19T17:20:08.927759 #26075]  INFO -- : [Faye::Server] Returning replies: [{"id":"1","channel":"/meta/handshake","successful":true,"version":"1.0","supportedConnectionTypes":["long-polling","cross-origin-long-polling","callback-polling","websocket","eventsource","in-process"],"clientId":"p2nrhoi4t3izs7tudgipx0xet9g465t","advice":{"reconnect":"retry","interval":0,"timeout":25000}}]
I, [2016-09-19T17:20:13.936050 #26075]  INFO -- : [Faye::Server] Processing messages: [{"channel":"/meta/handshake","version":"1.0","supportedConnectionTypes":["in-process","websocket","long-polling"],"id":"1"}] (local: false)
I, [2016-09-19T17:20:13.936279 #26075]  INFO -- : [Faye::Server] Handling message: {"channel":"/meta/handshake","version":"1.0","supportedConnectionTypes":["in-process","websocket","long-polling"],"id":"1"} (local: false)
I, [2016-09-19T17:20:13.936907 #26075]  INFO -- : [Faye::Server] Returning replies: [{"id":"1","channel":"/meta/handshake","successful":true,"version":"1.0","supportedConnectionTypes":["long-polling","cross-origin-long-polling","callback-polling","websocket","eventsource","in-process"],"clientId":"pgzc6uv7mh0kjnypjktwodv76htzs0x","advice":{"reconnect":"retry","interval":0,"timeout":25000}}]
I, [2016-09-19T17:20:13.949973 #26075]  INFO -- : [Faye::Server] Processing messages: [{"channel":"/meta/handshake","version":"1.0","supportedConnectionTypes":["in-process","websocket","long-polling"],"id":"1"}] (local: false)
I, [2016-09-19T17:20:13.950159 #26075]  INFO -- : [Faye::Server] Handling message: {"channel":"/meta/handshake","version":"1.0","supportedConnectionTypes":["in-process","websocket","long-polling"],"id":"1"} (local: false)
I, [2016-09-19T17:20:13.950522 #26075]  INFO -- : [Faye::Server] Returning replies: [{"id":"1","channel":"/meta/handshake","successful":true,"version":"1.0","supportedConnectionTypes":["long-polling","cross-origin-long-polling","callback-polling","websocket","eventsource","in-process"],"clientId":"gndyaq3mjp6iab572rpx8n3zk3svs9l","advice":{"reconnect":"retry","interval":0,"timeout":25000}}]
I, [2016-09-19T17:20:31.675456 #26075]  INFO -- : [Faye::Server] Processing messages: [{"channel":"/meta/handshake","version":"1.0","supportedConnectionTypes":["in-process","websocket","long-polling"],"id":"1"}] (local: false)
I, [2016-09-19T17:20:31.676328 #26075]  INFO -- : [Faye::Server] Handling message: {"channel":"/meta/handshake","version":"1.0","supportedConnectionTypes":["in-process","websocket","long-polling"],"id":"1"} (local: false)
I, [2016-09-19T17:20:31.677374 #26075]  INFO -- : [Faye::Server] Returning replies: [{"id":"1","channel":"/meta/handshake","successful":true,"version":"1.0","supportedConnectionTypes":["long-polling","cross-origin-long-polling","callback-polling","websocket","eventsource","in-process"],"clientId":"2ukxftdykhsjpmks0g1zqpki5vc2ms5","advice":{"reconnect":"retry","interval":0,"timeout":25000}}]
I, [2016-09-19T17:20:31.679898 #26075]  INFO -- : [Faye::Server] Processing messages: [] (local: false)
I, [2016-09-19T17:20:36.706143 #26075]  INFO -- : [Faye::Server] Processing messages: [{"channel":"/meta/handshake","version":"1.0","supportedConnectionTypes":["in-process","websocket","long-polling"],"id":"1"}] (local: false)
I, [2016-09-19T17:20:36.706335 #26075]  INFO -- : [Faye::Server] Handling message: {"channel":"/meta/handshake","version":"1.0","supportedConnectionTypes":["in-process","websocket","long-polling"],"id":"1"} (local: false)
I, [2016-09-19T17:20:36.706834 #26075]  INFO -- : [Faye::Server] Returning replies: [{"id":"1","channel":"/meta/handshake","successful":true,"version":"1.0","supportedConnectionTypes":["long-polling","cross-origin-long-polling","callback-polling","websocket","eventsource","in-process"],"clientId":"d54nop2qvcdpx0lkrg8hf8ie5c3sj00","advice":{"reconnect":"retry","interval":0,"timeout":25000}}]
I, [2016-09-19T17:20:41.729226 #26075]  INFO -- : [Faye::Server] Processing messages: [{"channel":"/meta/handshake","version":"1.0","supportedConnectionTypes":["in-process","websocket","long-polling"],"id":"1"}] (local: false)
I, [2016-09-19T17:20:41.729358 #26075]  INFO -- : [Faye::Server] Handling message: {"channel":"/meta/handshake","version":"1.0","supportedConnectionTypes":["in-process","websocket","long-polling"],"id":"1"} (local: false)
I, [2016-09-19T17:20:41.729909 #26075]  INFO -- : [Faye::Server] Returning replies: [{"id":"1","channel":"/meta/handshake","successful":true,"version":"1.0","supportedConnectionTypes":["long-polling","cross-origin-long-polling","callback-polling","websocket","eventsource","in-process"],"clientId":"ktqsuf7u2hfzolqi3y49pgm43t7m5rm","advice":{"reconnect":"retry","interval":0,"timeout":25000}}]
I, [2016-09-19T17:20:46.758199 #26075]  INFO -- : [Faye::Server] Processing messages: [{"channel":"/meta/handshake","version":"1.0","supportedConnectionTypes":["in-process","websocket","long-polling"],"id":"1"}] (local: false)
I, [2016-09-19T17:20:46.758469 #26075]  INFO -- : [Faye::Server] Handling message: {"channel":"/meta/handshake","version":"1.0","supportedConnectionTypes":["in-process","websocket","long-polling"],"id":"1"} (local: false)
I, [2016-09-19T17:20:46.759023 #26075]  INFO -- : [Faye::Server] Returning replies: [{"id":"1","channel":"/meta/handshake","successful":true,"version":"1.0","supportedConnectionTypes":["long-polling","cross-origin-long-polling","callback-polling","websocket","eventsource","in-process"],"clientId":"eygfiruhsj82fwk086ym3tvetxsrs9f","advice":{"reconnect":"retry","interval":0,"timeout":25000}}]
I, [2016-09-19T17:20:51.784419 #26075]  INFO -- : [Faye::Server] Processing messages: [{"channel":"/meta/handshake","version":"1.0","supportedConnectionTypes":["in-process","websocket","long-polling"],"id":"1"}] (local: false)
I, [2016-09-19T17:20:51.784725 #26075]  INFO -- : [Faye::Server] Handling message: {"channel":"/meta/handshake","version":"1.0","supportedConnectionTypes":["in-process","websocket","long-polling"],"id":"1"} (local: false)
I, [2016-09-19T17:20:51.785473 #26075]  INFO -- : [Faye::Server] Returning replies: [{"id":"1","channel":"/meta/handshake","successful":true,"version":"1.0","supportedConnectionTypes":["long-polling","cross-origin-long-polling","callback-polling","websocket","eventsource","in-process"],"clientId":"bbpvspi4eisayy74aifnzwlu78y5jo8","advice":{"reconnect":"retry","interval":0,"timeout":25000}}]
I, [2016-09-19T17:20:56.814409 #26075]  INFO -- : [Faye::Server] Processing messages: [{"channel":"/meta/handshake","version":"1.0","supportedConnectionTypes":["in-process","websocket","long-polling"],"id":"1"}] (local: false)
I, [2016-09-19T17:20:56.814729 #26075]  INFO -- : [Faye::Server] Handling message: {"channel":"/meta/handshake","version":"1.0","supportedConnectionTypes":["in-process","websocket","long-polling"],"id":"1"} (local: false)
I, [2016-09-19T17:20:56.815649 #26075]  INFO -- : [Faye::Server] Returning replies: [{"id":"1","channel":"/meta/handshake","successful":true,"version":"1.0","supportedConnectionTypes":["long-polling","cross-origin-long-polling","callback-polling","websocket","eventsource","in-process"],"clientId":"ghpybkncw4zu7lok7ivrh59fb8m656f","advice":{"reconnect":"retry","interval":0,"timeout":25000}}]
I, [2016-09-19T17:21:01.837136 #26075]  INFO -- : [Faye::Server] Processing messages: [{"channel":"/meta/handshake","version":"1.0","supportedConnectionTypes":["in-process","websocket","long-polling"],"id":"1"}] (local: false)
I, [2016-09-19T17:21:01.837740 #26075]  INFO -- : [Faye::Server] Handling message: {"channel":"/meta/handshake","version":"1.0","supportedConnectionTypes":["in-process","websocket","long-polling"],"id":"1"} (local: false)
I, [2016-09-19T17:21:01.838286 #26075]  INFO -- : [Faye::Server] Returning replies: [{"id":"1","channel":"/meta/handshake","successful":true,"version":"1.0","supportedConnectionTypes":["long-polling","cross-origin-long-polling","callback-polling","websocket","eventsource","in-process"],"clientId":"i100xt5baty00877ye4lnw2bwzmkwuz","advice":{"reconnect":"retry","interval":0,"timeout":25000}}]
I, [2016-09-19T17:21:06.865667 #26075]  INFO -- : [Faye::Server] Processing messages: [{"channel":"/meta/handshake","version":"1.0","supportedConnectionTypes":["in-process","websocket","long-polling"],"id":"1"}] (local: false)
I, [2016-09-19T17:21:06.865917 #26075]  INFO -- : [Faye::Server] Handling message: {"channel":"/meta/handshake","version":"1.0","supportedConnectionTypes":["in-process","websocket","long-polling"],"id":"1"} (local: false)
I, [2016-09-19T17:21:06.866785 #26075]  INFO -- : [Faye::Server] Returning replies: [{"id":"1","channel":"/meta/handshake","successful":true,"version":"1.0","supportedConnectionTypes":["long-polling","cross-origin-long-polling","callback-polling","websocket","eventsource","in-process"],"clientId":"cpc14eox8a3h3byoassggd1kpseqlt5","advice":{"reconnect":"retry","interval":0,"timeout":25000}}]
I, [2016-09-19T17:21:08.217360 #26075]  INFO -- : [Faye::Server] Processing messages: [{"channel":"/meta/handshake","version":"1.0","supportedConnectionTypes":["in-process","websocket","long-polling"],"id":"1"}] (local: false)
I, [2016-09-19T17:21:08.217527 #26075]  INFO -- : [Faye::Server] Handling message: {"channel":"/meta/handshake","version":"1.0","supportedConnectionTypes":["in-process","websocket","long-polling"],"id":"1"} (local: false)
I, [2016-09-19T17:21:08.218239 #26075]  INFO -- : [Faye::Server] Returning replies: [{"id":"1","channel":"/meta/handshake","successful":true,"version":"1.0","supportedConnectionTypes":["long-polling","cross-origin-long-polling","callback-polling","websocket","eventsource","in-process"],"clientId":"snxm7lqwttwsa7kouuri19xzgw3vsxg","advice":{"reconnect":"retry","interval":0,"timeout":25000}}]
I, [2016-09-19T17:21:08.220641 #26075]  INFO -- : [Faye::Server] Processing messages: [] (local: false)
I, [2016-09-19T17:21:11.894635 #26075]  INFO -- : [Faye::Server] Processing messages: [{"channel":"/meta/handshake","version":"1.0","supportedConnectionTypes":["in-process","websocket","long-polling"],"id":"1"}] (local: false)
I, [2016-09-19T17:21:11.894934 #26075]  INFO -- : [Faye::Server] Handling message: {"channel":"/meta/handshake","version":"1.0","supportedConnectionTypes":["in-process","websocket","long-polling"],"id":"1"} (local: false)
I, [2016-09-19T17:21:11.896005 #26075]  INFO -- : [Faye::Server] Returning replies: [{"id":"1","channel":"/meta/handshake","successful":true,"version":"1.0","supportedConnectionTypes":["long-polling","cross-origin-long-polling","callback-polling","websocket","eventsource","in-process"],"clientId":"8ym32bbmxm9t38eee73ifrahiiwq5ds","advice":{"reconnect":"retry","interval":0,"timeout":25000}}]
I, [2016-09-19T17:21:13.247728 #26075]  INFO -- : [Faye::Server] Processing messages: [{"channel":"/meta/handshake","version":"1.0","supportedConnectionTypes":["in-process","websocket","long-polling"],"id":"1"}] (local: false)
I, [2016-09-19T17:21:13.247945 #26075]  INFO -- : [Faye::Server] Handling message: {"channel":"/meta/handshake","version":"1.0","supportedConnectionTypes":["in-process","websocket","long-polling"],"id":"1"} (local: false)
I, [2016-09-19T17:21:13.249022 #26075]  INFO -- : [Faye::Server] Returning replies: [{"id":"1","channel":"/meta/handshake","successful":true,"version":"1.0","supportedConnectionTypes":["long-polling","cross-origin-long-polling","callback-polling","websocket","eventsource","in-process"],"clientId":"8bbwly0dolwxssc3bt9evty411ksyp1","advice":{"reconnect":"retry","interval":0,"timeout":25000}}]
I, [2016-09-19T17:21:16.926999 #26075]  INFO -- : [Faye::Server] Processing messages: [{"channel":"/meta/handshake","version":"1.0","supportedConnectionTypes":["in-process","websocket","long-polling"],"id":"1"}] (local: false)
I, [2016-09-19T17:21:16.927634 #26075]  INFO -- : [Faye::Server] Handling message: {"channel":"/meta/handshake","version":"1.0","supportedConnectionTypes":["in-process","websocket","long-polling"],"id":"1"} (local: false)
I, [2016-09-19T17:21:16.928532 #26075]  INFO -- : [Faye::Server] Returning replies: [{"id":"1","channel":"/meta/handshake","successful":true,"version":"1.0","supportedConnectionTypes":["long-polling","cross-origin-long-polling","callback-polling","websocket","eventsource","in-process"],"clientId":"g94s7pljlwqre5sinewbiq2jfn4qps1","advice":{"reconnect":"retry","interval":0,"timeout":25000}}]
E, [2016-09-19T17:29:02.285495 #26110] ERROR -- : [Faye::RackAdapter] Received request with no message: "curl -X GET 'http://localhost:9292/faye/'"
